<?xml version="1.0" encoding="UTF-8"?>
<testng-results ignored="0" total="1" passed="1" failed="0" skipped="0">
  <reporter-output>
  </reporter-output>
  <suite started-at="2023-03-13T11:08:19 IST" name="Suite" finished-at="2023-03-13T11:08:47 IST" duration-ms="27964">
    <groups>
    </groups>
    <test started-at="2023-03-13T11:08:19 IST" name="Test" finished-at="2023-03-13T11:08:47 IST" duration-ms="27964">
      <class name="Tests.LoginPageTest">
        <test-method is-config="true" signature="setup()[pri:0, instance:Tests.LoginPageTest@43dac38f]" started-at="2023-03-13T11:08:19 IST" name="setup" finished-at="2023-03-13T11:08:27 IST" duration-ms="8132" status="PASS">
          <reporter-output>
          </reporter-output>
        </test-method> <!-- setup -->
        <test-method signature="verifyLogin()[pri:0, instance:Tests.LoginPageTest@43dac38f]" started-at="2023-03-13T11:08:27 IST" name="verifyLogin" finished-at="2023-03-13T11:08:46 IST" duration-ms="19275" status="PASS">
          <reporter-output>
          </reporter-output>
        </test-method> <!-- verifyLogin -->
        <test-method is-config="true" signature="tearDown()[pri:0, instance:Tests.LoginPageTest@43dac38f]" started-at="2023-03-13T11:08:46 IST" name="tearDown" finished-at="2023-03-13T11:08:47 IST" duration-ms="458" status="PASS">
          <reporter-output>
          </reporter-output>
        </test-method> <!-- tearDown -->
      </class> <!-- Tests.LoginPageTest -->
    </test> <!-- Test -->
  </suite> <!-- Suite -->
</testng-results>
